20:39:02.529 [main] INFO  stepdefinitions.BuildingStoryStepDefs - Driver is initialized
20:39:03.682 [main] INFO  stepdefinitions.BuildingStoryStepDefs - Home Page URL opened
20:39:03.691 [main] DEBUG stepdefinitions.BuildingStoryStepDefs - Home Page title verified
20:39:05.460 [main] INFO  stepdefinitions.BuildingStoryStepDefs - User clicks on Sign In
20:39:05.474 [main] DEBUG stepdefinitions.BuildingStoryStepDefs - Sign In Page title verified
20:39:05.673 [main] INFO  stepdefinitions.BuildingStoryStepDefs - UserName entered
20:39:05.748 [main] INFO  stepdefinitions.BuildingStoryStepDefs - Password entered
20:39:08.864 [main] INFO  stepdefinitions.BuildingStoryStepDefs - User clicks on Sign In to login
20:39:08.872 [main] DEBUG stepdefinitions.BuildingStoryStepDefs - Sign In Page title verified
20:39:10.234 [main] INFO  stepdefinitions.BuildingStoryStepDefs - User clicks on New Story
20:39:15.839 [main] INFO  stepdefinitions.BuildingStoryStepDefs - Title of the Story entered
20:39:16.124 [main] INFO  stepdefinitions.BuildingStoryStepDefs - Optional Text of the Story entered
20:39:16.210 [main] INFO  stepdefinitions.BuildingStoryStepDefs - User clicks on Add image or video
20:39:16.268 [main] INFO  stepdefinitions.BuildingStoryStepDefs - User clicks on Browse your files
20:39:18.599 [main] DEBUG stepdefinitions.BuildingStoryStepDefs - Image uploaded successfully using AutoIT
20:39:18.868 [main] DEBUG stepdefinitions.BuildingStoryStepDefs - Image is successfully uploaded as Delete button is available
20:39:18.934 [main] INFO  stepdefinitions.BuildingStoryStepDefs - User clicks on Add to add image is cover
20:39:19.635 [main] DEBUG stepdefinitions.BuildingStoryStepDefs - Image is successfully uploaded as Cover Image
20:39:19.768 [main] INFO  stepdefinitions.BuildingStoryStepDefs - User clicks on add content
20:39:19.946 [main] INFO  stepdefinitions.BuildingStoryStepDefs - User clicks on Heading
20:39:22.317 [main] INFO  stepdefinitions.BuildingStoryStepDefs - Heading text entered
20:39:22.429 [main] INFO  stepdefinitions.BuildingStoryStepDefs - User clicks on add content
20:39:22.518 [main] INFO  stepdefinitions.BuildingStoryStepDefs - User clicks on Image
20:39:22.579 [main] INFO  stepdefinitions.BuildingStoryStepDefs - User clicks on Browse your files
20:39:24.616 [main] DEBUG stepdefinitions.BuildingStoryStepDefs - Image uploaded successfully using AutoIT
20:39:24.878 [main] DEBUG stepdefinitions.BuildingStoryStepDefs - Image is successfully uploaded as Delete button is available
20:39:25.015 [main] INFO  stepdefinitions.BuildingStoryStepDefs - User clicks on Add to add image is cover
20:39:25.207 [main] DEBUG stepdefinitions.BuildingStoryStepDefs - Uploaded Image verified
20:39:25.536 [main] INFO  stepdefinitions.BuildingStoryStepDefs - User clicks on add content
20:39:25.634 [main] INFO  stepdefinitions.BuildingStoryStepDefs - User clicks on Map
20:39:26.240 [main] INFO  stepdefinitions.BuildingStoryStepDefs - User clicks on Living Atlas
20:39:27.367 [main] INFO  stepdefinitions.BuildingStoryStepDefs - Living Atlas map selected
20:39:34.234 [main] INFO  stepdefinitions.BuildingStoryStepDefs - Chosen Living Atlas map placed in story
20:39:36.121 [main] DEBUG stepdefinitions.BuildingStoryStepDefs - Selected Map verified
20:39:36.413 [main] INFO  stepdefinitions.BuildingStoryStepDefs - User go back to My Stories page
20:39:38.338 [main] DEBUG stepdefinitions.BuildingStoryStepDefs - Created Story verified
20:39:38.391 [main] INFO  stepdefinitions.BuildingStoryStepDefs - User click on his profile
20:39:38.813 [main] INFO  stepdefinitions.BuildingStoryStepDefs - User click on Sign Out
20:39:44.200 [main] DEBUG stepdefinitions.BuildingStoryStepDefs - Sign Out Successfully
20:39:45.120 [main] INFO  stepdefinitions.BuildingStoryStepDefs - Browser closed
20:39:50.298 [main] INFO  stepdefinitions.BuildingStoryStepDefs - Driver is initialized
20:39:56.353 [main] INFO  stepdefinitions.BuildingStoryStepDefs - Home Page URL opened
20:39:56.359 [main] DEBUG stepdefinitions.BuildingStoryStepDefs - Home Page title verified
20:39:58.084 [main] INFO  stepdefinitions.BuildingStoryStepDefs - User clicks on Sign In
20:39:58.092 [main] DEBUG stepdefinitions.BuildingStoryStepDefs - Sign In Page title verified
20:39:58.163 [main] INFO  stepdefinitions.BuildingStoryStepDefs - UserName entered
20:39:58.246 [main] INFO  stepdefinitions.BuildingStoryStepDefs - Password entered
20:39:59.089 [main] INFO  stepdefinitions.BuildingStoryStepDefs - User clicks on Sign In to login
20:40:02.506 [main] DEBUG stepdefinitions.BuildingStoryStepDefs - Already Created Story verified
20:40:02.619 [main] INFO  stepdefinitions.BuildingStoryStepDefs - User click on Context Menu for Story
20:40:02.690 [main] INFO  stepdefinitions.BuildingStoryStepDefs - User click on Delete
20:40:02.749 [main] INFO  stepdefinitions.BuildingStoryStepDefs - User confirm Delete
20:40:04.175 [main] DEBUG stepdefinitions.BuildingStoryStepDefs - Deletion verified
20:40:04.214 [main] INFO  stepdefinitions.BuildingStoryStepDefs - User click on his profile
20:40:05.864 [main] INFO  stepdefinitions.BuildingStoryStepDefs - User click on Sign Out
20:40:05.871 [main] DEBUG stepdefinitions.BuildingStoryStepDefs - No Alert present
20:40:09.897 [main] DEBUG stepdefinitions.BuildingStoryStepDefs - Sign Out Successfully
20:40:10.729 [main] INFO  stepdefinitions.BuildingStoryStepDefs - Browser closed
21:03:59.459 [main] INFO  stepdefinitions.BuildingStoryStepDefs - Driver is initialized
21:04:00.662 [main] INFO  stepdefinitions.BuildingStoryStepDefs - Home Page URL opened
21:04:00.668 [main] DEBUG stepdefinitions.BuildingStoryStepDefs - Home Page title verified
21:04:03.230 [main] INFO  stepdefinitions.BuildingStoryStepDefs - User clicks on Sign In
21:04:03.240 [main] DEBUG stepdefinitions.BuildingStoryStepDefs - Sign In Page title verified
21:04:03.420 [main] INFO  stepdefinitions.BuildingStoryStepDefs - UserName entered
21:04:03.488 [main] INFO  stepdefinitions.BuildingStoryStepDefs - Password entered
21:04:04.381 [main] INFO  stepdefinitions.BuildingStoryStepDefs - User clicks on Sign In to login
21:04:04.388 [main] DEBUG stepdefinitions.BuildingStoryStepDefs - Logged In Page title verified
21:04:06.163 [main] INFO  stepdefinitions.BuildingStoryStepDefs - User clicks on New Story
21:04:13.697 [main] INFO  stepdefinitions.BuildingStoryStepDefs - Title of the Story entered
21:04:13.918 [main] INFO  stepdefinitions.BuildingStoryStepDefs - Optional Text of the Story entered
21:04:13.998 [main] INFO  stepdefinitions.BuildingStoryStepDefs - User clicks on Add image or video
21:04:14.067 [main] INFO  stepdefinitions.BuildingStoryStepDefs - User clicks on Browse your files
21:04:16.405 [main] DEBUG stepdefinitions.BuildingStoryStepDefs - Image uploaded successfully using AutoIT
21:04:16.674 [main] DEBUG stepdefinitions.BuildingStoryStepDefs - Image is successfully uploaded as Delete button is available
21:04:16.762 [main] INFO  stepdefinitions.BuildingStoryStepDefs - User clicks on Add to add image is cover
21:04:17.969 [main] DEBUG stepdefinitions.BuildingStoryStepDefs - Image is successfully uploaded as Cover Image
21:04:18.099 [main] INFO  stepdefinitions.BuildingStoryStepDefs - User clicks on add content
21:04:18.286 [main] INFO  stepdefinitions.BuildingStoryStepDefs - User clicks on Heading
21:04:20.677 [main] INFO  stepdefinitions.BuildingStoryStepDefs - Heading text entered
21:04:20.774 [main] INFO  stepdefinitions.BuildingStoryStepDefs - User clicks on add content
21:04:20.851 [main] INFO  stepdefinitions.BuildingStoryStepDefs - User clicks on Image
21:04:20.902 [main] INFO  stepdefinitions.BuildingStoryStepDefs - User clicks on Browse your files
21:04:22.948 [main] DEBUG stepdefinitions.BuildingStoryStepDefs - Image uploaded successfully using AutoIT
21:04:23.214 [main] DEBUG stepdefinitions.BuildingStoryStepDefs - Image is successfully uploaded as Delete button is available
21:04:23.358 [main] INFO  stepdefinitions.BuildingStoryStepDefs - User clicks on Add to add image is cover
21:04:23.541 [main] DEBUG stepdefinitions.BuildingStoryStepDefs - Uploaded Image verified
21:04:23.866 [main] INFO  stepdefinitions.BuildingStoryStepDefs - User clicks on add content
21:04:23.978 [main] INFO  stepdefinitions.BuildingStoryStepDefs - User clicks on Map
21:04:24.638 [main] INFO  stepdefinitions.BuildingStoryStepDefs - User clicks on Living Atlas
21:04:25.920 [main] INFO  stepdefinitions.BuildingStoryStepDefs - Living Atlas map selected
21:04:33.404 [main] INFO  stepdefinitions.BuildingStoryStepDefs - Chosen Living Atlas map placed in story
21:04:35.378 [main] DEBUG stepdefinitions.BuildingStoryStepDefs - Selected Map verified
21:04:35.821 [main] INFO  stepdefinitions.BuildingStoryStepDefs - User go back to My Stories page
21:04:37.638 [main] DEBUG stepdefinitions.BuildingStoryStepDefs - Created Story verified
21:04:37.686 [main] INFO  stepdefinitions.BuildingStoryStepDefs - User click on his profile
21:04:41.424 [main] INFO  stepdefinitions.BuildingStoryStepDefs - User click on Sign Out
21:04:41.450 [main] DEBUG stepdefinitions.BuildingStoryStepDefs - No Alert present
21:04:45.006 [main] DEBUG stepdefinitions.BuildingStoryStepDefs - Sign Out Successfully
21:04:46.023 [main] INFO  stepdefinitions.BuildingStoryStepDefs - Browser closed
21:04:51.191 [main] INFO  stepdefinitions.BuildingStoryStepDefs - Driver is initialized
21:04:52.699 [main] INFO  stepdefinitions.BuildingStoryStepDefs - Home Page URL opened
21:04:52.702 [main] DEBUG stepdefinitions.BuildingStoryStepDefs - Home Page title verified
21:04:54.569 [main] INFO  stepdefinitions.BuildingStoryStepDefs - User clicks on Sign In
21:04:54.574 [main] DEBUG stepdefinitions.BuildingStoryStepDefs - Sign In Page title verified
21:04:54.649 [main] INFO  stepdefinitions.BuildingStoryStepDefs - UserName entered
21:04:54.729 [main] INFO  stepdefinitions.BuildingStoryStepDefs - Password entered
21:04:56.457 [main] INFO  stepdefinitions.BuildingStoryStepDefs - User clicks on Sign In to login
21:04:56.465 [main] DEBUG stepdefinitions.BuildingStoryStepDefs - Logged In Page title verified
21:05:02.567 [main] DEBUG stepdefinitions.BuildingStoryStepDefs - Already Created Story verified
21:05:02.688 [main] INFO  stepdefinitions.BuildingStoryStepDefs - User click on Context Menu for Story
21:05:02.756 [main] INFO  stepdefinitions.BuildingStoryStepDefs - User click on Delete
21:05:02.812 [main] INFO  stepdefinitions.BuildingStoryStepDefs - User confirm Delete
21:05:04.546 [main] DEBUG stepdefinitions.BuildingStoryStepDefs - Deletion verified
21:05:04.589 [main] INFO  stepdefinitions.BuildingStoryStepDefs - User click on his profile
21:05:08.291 [main] INFO  stepdefinitions.BuildingStoryStepDefs - User click on Sign Out
21:05:08.293 [main] DEBUG stepdefinitions.BuildingStoryStepDefs - No Alert present
21:05:11.921 [main] DEBUG stepdefinitions.BuildingStoryStepDefs - Sign Out Successfully
21:05:12.792 [main] INFO  stepdefinitions.BuildingStoryStepDefs - Browser closed
